<?xml version="1.0" encoding="UTF-8"?>
<!-- Generated by org.testng.reporters.JUnitReportReporter -->
<testsuite skipped="0" hostname="DESKTOP-0LKK15B" name="contactlist.NewTest" tests="3" failures="0" timestamp="21 Sep 2021 07:35:10 GMT" time="5.519" errors="0">
  <testcase name="Addcontact" time="4.332" classname="contactlist.NewTest"/>
  <testcase name="gettingspecificcont" time="0.597" classname="contactlist.NewTest"/>
  <testcase name="deletecontact" time="0.590" classname="contactlist.NewTest"/>
</testsuite> <!-- contactlist.NewTest -->
