<?xml version="1.0" encoding="UTF-8"?>
<!-- Generated by org.testng.reporters.JUnitReportReporter -->
<testsuite skipped="0" hostname="DESKTOP-0LKK15B" name="contactlist.Weather" tests="3" failures="0" timestamp="21 Sep 2021 10:29:46 GMT" time="3.218" errors="0">
  <testcase name="gettingweather" time="2.846" classname="contactlist.Weather"/>
  <testcase name="gettingweather2" time="0.148" classname="contactlist.Weather"/>
  <testcase name="gettingweather3" time="0.224" classname="contactlist.Weather"/>
</testsuite> <!-- contactlist.Weather -->
